[2020-03-24 19:54:50,601] [INFO] Application started
[2020-03-24 19:54:56,849] [INFO] Updated entry (5201005079373,AMITA MOÓION 330gr 24TEM) quantity from 0.0 to 2.0 at line 737
[2020-03-24 19:54:56,850] [INFO] Updated entry (5201005079373,AMITA MOÓION 330gr 24TEM) purchase price from 0.0 to 0.64 at line 737
[2020-03-24 19:54:56,856] [INFO] Added entry (5998711723491,ÓOKOË. MILKA KAPAMEËA 100GRX15,4.0)at line 750
[2020-03-24 19:54:56,858] [INFO] Added entry (8711800114157,PRONTO KPEMA 12X250ML,2.0)at line 751
[2020-03-24 19:54:56,859] [INFO] Updated entry (5900259094704,SNACKS DORITOS NACHO 100GR 27TMX) quantity from 0.0 to 4.0 at line 479
[2020-03-24 19:54:56,859] [INFO] Updated entry (5900259094704,SNACKS DORITOS NACHO 100GR 27TMX) purchase price from 0.0 to 0.68 at line 479
[2020-03-24 19:58:11,462] [INFO] Application started
[2020-03-24 19:58:17,037] [INFO] Updated entry (5201005079373,AMITA MOÓION 330gr 24TEM) quantity from 0.0 to 2.0 at line 674
[2020-03-24 19:58:17,039] [INFO] Updated entry (5201005079373,AMITA MOÓION 330gr 24TEM) purchase price from 0.63 to 0.64 at line 674
[2020-03-24 19:58:17,042] [INFO] Added entry (5998711723491,ÓOKOË. MILKA KAPAMEËA 100GRX15,4.0)at line 687
[2020-03-24 19:58:17,049] [INFO] Added entry (8711800114157,PRONTO KPEMA 12X250ML,2.0)at line 688
[2020-03-24 19:58:17,050] [INFO] Updated entry (5900259094704,SNACKS DORITOS NACHO 100GR 27TMX) quantity from 0.0 to 4.0 at line 440
[2020-03-24 20:02:26,262] [INFO] Application started
[2020-03-24 20:02:32,017] [INFO] Updated entry (5201005079373,AMITA MOÓION 330gr 24TEM) quantity from 0.0 to 2.0 at line 674
[2020-03-24 20:02:32,017] [INFO] Updated entry (5201005079373,AMITA MOÓION 330gr 24TEM) purchase price from 0.63 to 0.64 at line 674
[2020-03-24 20:02:32,020] [INFO] Added entry (5998711723491,ÓOKOË. MILKA KAPAMEËA 100GRX15,4.0)at line 687
[2020-03-24 20:02:32,023] [INFO] Added entry (8711800114157,PRONTO KPEMA 12X250ML,2.0)at line 688
[2020-03-24 20:02:32,024] [INFO] Updated entry (5900259094704,SNACKS DORITOS NACHO 100GR 27TMX) quantity from 0.0 to 4.0 at line 440
[2020-03-24 20:03:47,963] [INFO] Application started
[2020-03-24 20:03:54,508] [INFO] Updated entry (5201005079373,AMITA MOÓION 330gr 24TEM) quantity from 0.0 to 2.0 at line 674
[2020-03-24 20:03:54,508] [INFO] Updated entry (5201005079373,AMITA MOÓION 330gr 24TEM) purchase price from 0.63 to 0.64 at line 674
[2020-03-24 20:03:54,522] [INFO] Added entry (5998711723491,ÓOKOË. MILKA KAPAMEËA 100GRX15,4.0)at line 687
[2020-03-24 20:03:54,528] [INFO] Added entry (8711800114157,PRONTO KPEMA 12X250ML,2.0)at line 688
[2020-03-24 20:03:54,530] [INFO] Updated entry (5900259094704,SNACKS DORITOS NACHO 100GR 27TMX) quantity from 0.0 to 4.0 at line 440
[2020-03-24 20:04:04,726] [INFO] Application started
[2020-03-24 20:04:10,684] [INFO] Updated entry (5201005079373,AMITA MOÓION 330gr 24TEM) quantity from 0.0 to 2.0 at line 674
[2020-03-24 20:04:10,685] [INFO] Updated entry (5201005079373,AMITA MOÓION 330gr 24TEM) purchase price from 0.63 to 0.64 at line 674
[2020-03-24 20:04:10,691] [INFO] Added entry (8711800114157,PRONTO KPEMA 12X250ML,2.0)at line 687
[2020-03-24 20:04:10,695] [INFO] Added entry (5998711723491,ÓOKOË. MILKA KAPAMEËA 100GRX15,4.0)at line 688
[2020-03-24 20:04:10,696] [INFO] Updated entry (5900259094704,SNACKS DORITOS NACHO 100GR 27TMX) quantity from 0.0 to 4.0 at line 440
